<?xml version="1.0" encoding="UTF-8"?>
<!-- Generated by org.testng.reporters.JUnitReportReporter -->
<testsuite hostname="Desktop-Tobias" failures="0" tests="8" name="com.amara.exception.GlobalExceptionHandlerTest" time="0.090" errors="0" timestamp="2025-03-14T13:11:24 CET" skipped="0">
  <testcase classname="com.amara.exception.GlobalExceptionHandlerTest" name="testHandleExternalServiceExceptionGerman" time="0.000"/>
  <system-out/>
  <testcase classname="com.amara.exception.GlobalExceptionHandlerTest" name="testHandleBusinessExceptionEnglish" time="0.035"/>
  <system-out/>
  <testcase classname="com.amara.exception.GlobalExceptionHandlerTest" name="testHandleExternalServiceExceptionEnglish" time="0.044"/>
  <system-out/>
  <testcase classname="com.amara.exception.GlobalExceptionHandlerTest" name="testHandleGenericExceptionGerman" time="0.002"/>
  <system-out/>
  <testcase classname="com.amara.exception.GlobalExceptionHandlerTest" name="testHandleGenericExceptionEnglish" time="0.003"/>
  <system-out/>
  <testcase classname="com.amara.exception.GlobalExceptionHandlerTest" name="testHandleBusinessExceptionGerman" time="0.000"/>
  <system-out/>
  <testcase classname="com.amara.exception.GlobalExceptionHandlerTest" name="testHandleTechnicalExceptionEnglish" time="0.005"/>
  <system-out/>
  <testcase classname="com.amara.exception.GlobalExceptionHandlerTest" name="testHandleTechnicalExceptionGerman" time="0.001"/>
  <system-out/>
</testsuite> <!-- com.amara.exception.GlobalExceptionHandlerTest -->
